begin 444 _sax.xkeymap.prt
M("`@("`@("`@("`@("`@("`@("`@("`@("`@("`@("`@("`@("`@("`@("`@
M("`@("`@("`@("`@("`@("`@("`@("`@"B`@(%-!6"!8('=I;F1O=R!K97EB
M;V%R9"!M87!P:6YG(&9O<B!%;F=L:7-H(%53(&ME>6)O87)D("A,;V-A;&4@
M16Y?55,I"B`@(#T]/3T]/3T]/3T]/3T]/3T]/3T]/3T]/3T]/3T]/3T]/3T]
M/3T]/3T]/3T]/3T]/3T]/3T]/3T]/3T]/3T]/3T]/3T@("`@(`H@("`@("`@
M("`@("`@("`@("`@("`@("`@("`@("`@("`@("`@("`@("`@("`@("`@("`@
M("`@("`@("`@("`@("`@("`*("`@("`@("`@("`@("`@("`@("`@("`@("`@
M("`@("`@("`@("`@("`@("`@("`@("`@("`@("`@("`@("`@("`@("`@"B`@
M("LM+2TM*RTM+2TK+2TM+2LM+2TM*RTM+2TK+2TM+2LM+2TM*RTM+2TK+2TM
M+2LM+2TM*RTM+2TK+2TM+2LM+2TM*PH@("!\("&Q('P@0"`@?"`CLR!\("3Z
M('P@);0@?"!>("!\("8@('P@*KP@?"`HN2!\("FP('P@7[T@?"`KK2!\('S<
M('P*("`@?"`QH2!\(#*B('P@,SP@?"`TI"!\(#4]('P@-J8@?"`W/B!\(#BH
M('P@.:D@?"`P7B!\("VK('P@/=\@?"!<XR!\"B`@("LM*RTM*RTK+2TK+2LM
M+2LM*RTM*RTK+2TK+2LM+2LM*RTM*RTK+2TK+2LM+2LM*RTM*RTK+2TK+2LM
M+2LM*RTM*PH@("`@('P@4;\@?"!7]R!\($7E('P@4B`@?"!4]"!\(%D@('P@
M52`@?"!)Z2!\($_O('P@4/`@?"![("!\('T@('P@("`*("`@("!\('$_('P@
M=]<@?"!EQ2!\('+2('P@='X@?"!YV2!\('75('P@:<D@?"!OSR!\('`J('P@
M6_L@?"!=_2!\("`@"B`@("`@*RTK+2TK+2LM+2LM*RTM*RTK+2TK+2LM+2LM
M*RTM*RTK+2TK+2LM+2LM*RTM*RTK+2TK+2LM+2LM*RTM*RTK(`H@("`@("`@
M?"!!X2!\(%,@('P@1"`@?"!&YB!\($?G('P@2.@@?"!*ZB!\($N[('P@3.P@
M?"`Z("!\("(@('P@?KX@?"`*("`@("`@('P@8<$@?"!STR!\(&3$('P@9E\@
M?"!GQR!\(&C(('P@:LH@?"!K)R!\(&S,('P@.]L@?"`GW2!\(&#^('P@"B`@
M("`@("`K+2LM+2LM*RTM*RTK+2TK+2LM+2LM*RTM*RTK+2TK+2LM+2LM*RTM
M*RTK+2TK+2LM+2LM*RTM*RTM+2TK(`H@("`@("`@("!\(%H@('P@6"`@?"!#
MXR!\(%8@('P@0N(@?"!.[B!\($W@('P@/*P@?"`^_"!\(#^O('P@("`@("`@
M("`*("`@("`@("`@?"!ZVB!\('C8('P@8\,@?"!VUB!\(&+"('P@;LX@?"!M
MS2!\("SL('P@+N(@?"`O[B!\("`@("`@("`@"B`@("`@("`@("LM+2TM*RTM
M+2TK+2TM+2LM+2TM*RTM+2TK+2TM+2LM+2TM*RTM+2TK+2TM+2LM+2TM*R`@
M("`@("`@(`H@("`@("`@("`@("`@("`@("`@("`@("`@("`@("`@("`@("`@
M("`@("`@("`@("`@("`@("`@("`@("`@("`@("`@("`*("`@("`@("`@("`@
M("`@("`@("`@('P@("`@("`@("`@("`@("`@("`@("`@("`@("`@("`@("`@
M("`@("`@("`*("`@("`@("`@("`@4VAI9G1E9"`@('P@4VAI9G0@*R!!;'0@
M;W(@365T82`@("`@("`@("`@("`@("`@("`@("`@"B`@("`@("`@("`@("TM
M+2TM+2TM+2TK+2TM+2TM+2TM+2TM+2TM+2TM+2TM+2TM+2TM+2TM+2TM+2TM
M+2T@("`@("`@("`@("`@("`*("`@("`@("`@("`@56YS:&EF=&5D('P@06QT
M(&]R($UE=&$@*$1I86UO;F0@;VX@4W5N(&ME>6)O87)D*2`@("`@("`@("`@
M("`@(`H@("`@("`@("`@("`@("`@("`@("`@?"`@("`@("`@("`@("`@("`@
:("`@("`@("`@("`@("`@("`@("`@("`@(`H@
`
end
